<?xml version="1.0" encoding="UTF-8"?>
<!-- Generated by org.testng.reporters.JUnitXMLReporter -->
<testsuite ignored="0" hostname="Manjunath" failures="4" tests="7" name="Banking Test" time="52.181" errors="0" timestamp="08 Apr 2021 05:11:42 GMT">
  <testcase classname="com.inetbanking_v1.Testcases.TC_LoginDD_02" name="loginDDT" time="3.074">
    <failure type="java.lang.AssertionError" message="expected [true] but found [false]">
      <![CDATA[java.lang.AssertionError: expected [true] but found [false]
at com.inetbanking_v1.Testcases.TC_LoginDD_02.loginDDT(TC_LoginDD_02.java:28)
... Removed 29 stack frames]]>
    </failure>
  </testcase> <!-- loginDDT -->
  <testcase classname="com.inetbanking_v1.Testcases.TC_LoginDD_02" name="loginDDT" time="3.247">
    <failure type="java.lang.AssertionError" message="expected [true] but found [false]">
      <![CDATA[java.lang.AssertionError: expected [true] but found [false]
at com.inetbanking_v1.Testcases.TC_LoginDD_02.loginDDT(TC_LoginDD_02.java:28)
... Removed 29 stack frames]]>
    </failure>
  </testcase> <!-- loginDDT -->
  <testcase classname="com.inetbanking_v1.Testcases.TC_LoginDD_02" name="loginDDT" time="3.476">
    <failure type="java.lang.AssertionError" message="expected [true] but found [false]">
      <![CDATA[java.lang.AssertionError: expected [true] but found [false]
at com.inetbanking_v1.Testcases.TC_LoginDD_02.loginDDT(TC_LoginDD_02.java:28)
... Removed 29 stack frames]]>
    </failure>
  </testcase> <!-- loginDDT -->
  <testcase classname="com.inetbanking_v1.Testcases.TC_LoginDD_02" name="loginDDT" time="6.235"/>
  <testcase classname="com.inetbanking_v1.Testcases.TC_LoginDD_02" name="loginDDT" time="2.998">
    <failure type="java.lang.AssertionError" message="expected [true] but found [false]">
      <![CDATA[java.lang.AssertionError: expected [true] but found [false]
at com.inetbanking_v1.Testcases.TC_LoginDD_02.loginDDT(TC_LoginDD_02.java:28)
... Removed 29 stack frames]]>
    </failure>
  </testcase> <!-- loginDDT -->
  <testcase classname="com.inetbanking_v1.Testcases.TC_LoginDD_02" name="loginDDT" time="4.98"/>
  <testcase classname="com.inetbanking_v1.Testcases.TC_AddNewCustomer_03" name="AddNewCustomer" time="6.881"/>
</testsuite> <!-- Banking Test -->
